Watching for file changes with StatReloader
C:\Users\gapli\Downloads\GB_Django\myproject\myapp\views.py changed, reloading.
Watching for file changes with StatReloader
Not Found: /
"GET / HTTP/1.1" 404 2169
"GET /prefix/ HTTP/1.1" 200 13
"GET /prefix/about HTTP/1.1" 301 0
"GET /prefix/about/ HTTP/1.1" 200 27
C:\Users\gapli\Downloads\GB_Django\myproject\myproject\settings.py changed, reloading.
Watching for file changes with StatReloader
Not Found: /
"GET / HTTP/1.1" 404 2169
Index page accessed
"GET /prefix/ HTTP/1.1" 200 13
Error in about page: division by zero
Traceback (most recent call last):
  File "C:\Users\gapli\Downloads\GB_Django\myproject\myapp\views.py", line 17, in about
    result = 1 / 0
             ~~^~~
ZeroDivisionError: division by zero
"GET /prefix/about/ HTTP/1.1" 200 27
C:\Users\gapli\Downloads\GB_Django\myproject\myproject\settings.py changed, reloading.
Watching for file changes with StatReloader
C:\Users\gapli\Downloads\GB_Django\myproject\myproject\settings.py changed, reloading.
Watching for file changes with StatReloader
C:\Users\gapli\Downloads\GB_Django\myproject\myproject\settings.py changed, reloading.
INFO 2023-08-29 18:22:45,746 autoreload 16412 14812 Watching for file changes with StatReloader
WARNING 2023-08-29 18:22:55,753 log 16412 8932 Not Found: /
WARNING 2023-08-29 18:22:55,754 basehttp 16412 8932 "GET / HTTP/1.1" 404 2169
INFO 2023-08-29 18:22:59,384 views 16412 8932 Index page accessed
INFO 2023-08-29 18:22:59,384 basehttp 16412 8932 "GET /prefix/ HTTP/1.1" 200 13
ERROR 2023-08-29 18:23:02,272 views 16412 8932 Error in about page: division by zero
Traceback (most recent call last):
  File "C:\Users\gapli\Downloads\GB_Django\myproject\myapp\views.py", line 17, in about
    result = 1 / 0
             ~~^~~
ZeroDivisionError: division by zero
INFO 2023-08-29 18:23:02,273 basehttp 16412 8932 "GET /prefix/about/ HTTP/1.1" 200 27
INFO 2023-08-29 18:26:20,568 autoreload 6772 6904 Watching for file changes with StatReloader
WARNING 2023-08-29 18:26:22,085 log 6772 18376 Not Found: /
WARNING 2023-08-29 18:26:22,085 basehttp 6772 18376 "GET / HTTP/1.1" 404 2169
INFO 2023-08-29 18:26:24,977 views 6772 18376 Index page accessed
INFO 2023-08-29 18:26:24,978 basehttp 6772 18376 "GET /prefix/ HTTP/1.1" 200 13
INFO 2023-08-29 18:26:25,460 views 6772 18376 Index page accessed
INFO 2023-08-29 18:26:25,461 basehttp 6772 18376 "GET /prefix/ HTTP/1.1" 200 13
INFO 2023-08-29 22:07:52,757 autoreload 6832 9652 Watching for file changes with StatReloader
INFO 2023-08-29 22:09:18,493 autoreload 1912 20424 Watching for file changes with StatReloader
INFO 2023-08-29 22:12:28,359 autoreload 11468 9400 Watching for file changes with StatReloader
INFO 2023-09-03 16:21:29,023 autoreload 2432 9448 Watching for file changes with StatReloader
WARNING 2023-09-03 16:21:30,473 log 2432 14124 Not Found: /
WARNING 2023-09-03 16:21:30,474 basehttp 2432 14124 "GET / HTTP/1.1" 404 2274
WARNING 2023-09-03 16:21:30,546 log 2432 14124 Not Found: /favicon.ico
WARNING 2023-09-03 16:21:30,547 basehttp 2432 14124 "GET /favicon.ico HTTP/1.1" 404 2325
WARNING 2023-09-03 16:21:36,604 log 2432 14124 Not Found: /lec3/
WARNING 2023-09-03 16:21:36,605 basehttp 2432 14124 "GET /lec3/ HTTP/1.1" 404 2548
INFO 2023-09-03 16:21:40,887 basehttp 2432 14124 "GET /lec3/hello2/ HTTP/1.1" 200 23
INFO 2023-09-03 16:21:44,309 basehttp 2432 14124 "GET /lec3/hello/ HTTP/1.1" 200 26
INFO 2023-09-04 10:14:14,514 autoreload 9080 10260 Watching for file changes with StatReloader
INFO 2023-09-04 16:00:21,617 autoreload 17360 12512 Watching for file changes with StatReloader
WARNING 2023-09-04 16:00:23,194 log 17360 2376 Not Found: /
WARNING 2023-09-04 16:00:23,194 basehttp 17360 2376 "GET / HTTP/1.1" 404 2274
INFO 2023-09-04 16:00:31,408 basehttp 17360 2376 "GET /lec3/ HTTP/1.1" 200 175
INFO 2023-09-04 16:00:38,067 basehttp 17360 2376 "GET /lec3/if HTTP/1.1" 301 0
INFO 2023-09-04 16:00:38,076 basehttp 17360 3524 "GET /lec3/if/ HTTP/1.1" 200 326
WARNING 2023-09-04 16:32:06,798 log 17360 7756 Not Found: /lec3/if/а
WARNING 2023-09-04 16:32:06,798 basehttp 17360 7756 "GET /lec3/if/%D0%B0 HTTP/1.1" 404 3541
INFO 2023-09-04 16:33:55,540 autoreload 17360 12512 C:\Users\gapli\Downloads\GB_Django\Lections\myproject\myapp3\urls.py changed, reloading.
INFO 2023-09-04 16:33:56,020 autoreload 19908 19948 Watching for file changes with StatReloader
WARNING 2023-09-04 16:36:45,343 log 19908 10128 Not Found: /lec3/if/а
WARNING 2023-09-04 16:36:45,343 basehttp 19908 10128 "GET /lec3/if/%D0%B0 HTTP/1.1" 404 3715
WARNING 2023-09-04 16:36:50,844 log 19908 10128 Not Found: /lec3/ for/
WARNING 2023-09-04 16:36:50,845 basehttp 19908 10128 "GET /lec3/%20for/ HTTP/1.1" 404 3713
INFO 2023-09-04 16:36:55,330 basehttp 19908 10128 "GET /lec3/for/ HTTP/1.1" 200 771
INFO 2023-09-04 16:37:14,995 basehttp 19908 10128 "GET /lec3/for/ HTTP/1.1" 200 859
INFO 2023-09-04 19:31:19,990 autoreload 10476 3692 Watching for file changes with StatReloader
WARNING 2023-09-04 19:31:22,038 log 10476 17992 Not Found: /
WARNING 2023-09-04 19:31:22,039 basehttp 10476 17992 "GET / HTTP/1.1" 404 2274
INFO 2023-09-04 19:31:28,756 basehttp 10476 17992 "GET /lec3/ HTTP/1.1" 200 175
INFO 2023-09-04 19:31:32,604 basehttp 10476 17992 "GET /lec3/index HTTP/1.1" 301 0
INFO 2023-09-04 19:31:32,610 basehttp 10476 1980 "GET /lec3/index/ HTTP/1.1" 200 248
INFO 2023-09-04 19:31:38,273 basehttp 10476 1980 "GET /lec3/about/ HTTP/1.1" 200 235
INFO 2023-09-04 19:31:54,994 basehttp 10476 1980 "GET /lec3/about/ HTTP/1.1" 200 295
INFO 2023-09-04 19:31:59,217 basehttp 10476 1980 "GET /lec3/ HTTP/1.1" 200 175
INFO 2023-09-04 19:32:01,016 basehttp 10476 1980 "GET /lec3/index/ HTTP/1.1" 200 308
INFO 2023-09-04 19:35:07,167 autoreload 10476 3692 C:\Users\gapli\Downloads\GB_Django\Lections\myproject\myproject\urls.py changed, reloading.
INFO 2023-09-04 19:35:07,663 autoreload 3672 9608 Watching for file changes with StatReloader
INFO 2023-09-04 19:37:21,639 autoreload 3672 9608 C:\Users\gapli\Downloads\GB_Django\Lections\myproject\myapp3\models.py changed, reloading.
INFO 2023-09-04 19:37:22,102 autoreload 8052 8024 Watching for file changes with StatReloader
INFO 2023-09-04 19:38:04,234 autoreload 8052 8024 C:\Users\gapli\Downloads\GB_Django\Lections\myproject\myapp3\models.py changed, reloading.
INFO 2023-09-04 19:38:04,737 autoreload 3688 17732 Watching for file changes with StatReloader
INFO 2023-09-04 20:12:19,679 autoreload 19776 8060 Watching for file changes with StatReloader
INFO 2023-09-04 20:12:22,244 basehttp 19776 14408 "GET / HTTP/1.1" 200 308
WARNING 2023-09-04 20:13:07,263 log 19776 14408 Not Found: /author/5
WARNING 2023-09-04 20:13:07,264 basehttp 19776 14408 "GET /author/5 HTTP/1.1" 404 2416
INFO 2023-09-04 20:13:39,774 basehttp 19776 14408 "GET /lec3/author/5 HTTP/1.1" 301 0
INFO 2023-09-04 20:13:39,785 basehttp 19776 11300 "GET /lec3/author/5/ HTTP/1.1" 200 1022
INFO 2023-09-04 20:13:42,978 basehttp 19776 11300 "GET /lec3/post/50/ HTTP/1.1" 200 329
INFO 2023-09-04 20:13:44,557 basehttp 19776 11300 "GET /lec3/post/46/ HTTP/1.1" 200 330
INFO 2023-09-04 20:13:48,461 basehttp 19776 11300 "GET /lec3/post/48/ HTTP/1.1" 200 303
INFO 2023-09-04 20:13:51,728 basehttp 19776 11300 "GET /lec3/post/48/ HTTP/1.1" 200 303
INFO 2023-09-04 20:13:55,330 basehttp 19776 11300 "GET /lec3/post/49/ HTTP/1.1" 200 319
INFO 2023-09-04 20:13:59,411 basehttp 19776 11300 "GET /lec3/post/50/ HTTP/1.1" 200 329
INFO 2023-09-04 20:14:04,017 basehttp 19776 11300 "GET /lec3/post/56/ HTTP/1.1" 200 328
WARNING 2023-09-04 20:14:09,842 log 19776 11300 Not Found: /lec3/post/101/
WARNING 2023-09-04 20:14:09,842 basehttp 19776 11300 "GET /lec3/post/101/ HTTP/1.1" 404 4622
INFO 2023-09-04 20:14:17,213 basehttp 19776 11300 "GET /lec3/author/10/ HTTP/1.1" 200 994
WARNING 2023-09-04 20:14:20,367 log 19776 11300 Not Found: /lec3/author/11/
WARNING 2023-09-04 20:14:20,368 basehttp 19776 11300 "GET /lec3/author/11/ HTTP/1.1" 404 4435
INFO 2023-09-08 11:57:33,256 autoreload 21736 21808 Watching for file changes with StatReloader
INFO 2023-09-08 11:57:34,436 basehttp 21736 11716 "GET / HTTP/1.1" 200 308
WARNING 2023-09-08 11:57:41,351 log 21736 11716 Not Found: /les4
WARNING 2023-09-08 11:57:41,352 basehttp 21736 11716 "GET /les4 HTTP/1.1" 404 2509
WARNING 2023-09-08 11:57:44,788 log 21736 11716 Not Found: /lec4
WARNING 2023-09-08 11:57:44,789 basehttp 21736 11716 "GET /lec4 HTTP/1.1" 404 2509
WARNING 2023-09-08 11:57:47,564 log 21736 11716 Not Found: /lec4/
WARNING 2023-09-08 11:57:47,565 basehttp 21736 11716 "GET /lec4/ HTTP/1.1" 404 2586
ERROR 2023-09-08 11:57:52,646 log 21736 11716 Internal Server Error: /lec4/user/add/
Traceback (most recent call last):
  File "C:\Users\gapli\Downloads\GB_Django\venv\Lib\site-packages\django\core\handlers\exception.py", line 55, in inner
    response = get_response(request)
               ^^^^^^^^^^^^^^^^^^^^^
  File "C:\Users\gapli\Downloads\GB_Django\venv\Lib\site-packages\django\core\handlers\base.py", line 197, in _get_response
    response = wrapped_callback(request, *callback_args, **callback_kwargs)
               ^^^^^^^^^^^^^^^^^^^^^^^^^^^^^^^^^^^^^^^^^^^^^^^^^^^^^^^^^^^^
  File "C:\Users\gapli\Downloads\GB_Django\Lections\myproject\myapp4\views.py", line 21, in user_form
    return render(request, 'myapp/user_form.html', {'form': form})
           ^^^^^^^^^^^^^^^^^^^^^^^^^^^^^^^^^^^^^^^^^^^^^^^^^^^^^^^
  File "C:\Users\gapli\Downloads\GB_Django\venv\Lib\site-packages\django\shortcuts.py", line 24, in render
    content = loader.render_to_string(template_name, context, request, using=using)
              ^^^^^^^^^^^^^^^^^^^^^^^^^^^^^^^^^^^^^^^^^^^^^^^^^^^^^^^^^^^^^^^^^^^^^
  File "C:\Users\gapli\Downloads\GB_Django\venv\Lib\site-packages\django\template\loader.py", line 61, in render_to_string
    template = get_template(template_name, using=using)
               ^^^^^^^^^^^^^^^^^^^^^^^^^^^^^^^^^^^^^^^^
  File "C:\Users\gapli\Downloads\GB_Django\venv\Lib\site-packages\django\template\loader.py", line 19, in get_template
    raise TemplateDoesNotExist(template_name, chain=chain)
django.template.exceptions.TemplateDoesNotExist: myapp/user_form.html
ERROR 2023-09-08 11:57:52,648 basehttp 21736 11716 "GET /lec4/user/add/ HTTP/1.1" 500 80876
INFO 2023-09-08 11:58:19,759 autoreload 21736 21808 C:\Users\gapli\Downloads\GB_Django\Lections\myproject\myapp4\views.py changed, reloading.
INFO 2023-09-08 11:58:20,305 autoreload 21120 6844 Watching for file changes with StatReloader
ERROR 2023-09-08 11:59:57,238 log 21120 8512 Internal Server Error: /lec4/user/add/
Traceback (most recent call last):
  File "C:\Users\gapli\Downloads\GB_Django\venv\Lib\site-packages\django\core\handlers\exception.py", line 55, in inner
    response = get_response(request)
               ^^^^^^^^^^^^^^^^^^^^^
  File "C:\Users\gapli\Downloads\GB_Django\venv\Lib\site-packages\django\core\handlers\base.py", line 197, in _get_response
    response = wrapped_callback(request, *callback_args, **callback_kwargs)
               ^^^^^^^^^^^^^^^^^^^^^^^^^^^^^^^^^^^^^^^^^^^^^^^^^^^^^^^^^^^^
  File "C:\Users\gapli\Downloads\GB_Django\Lections\myproject\myapp4\views.py", line 21, in user_form
    return render(request, 'myapp4/user_form.html', {'form': form})
           ^^^^^^^^^^^^^^^^^^^^^^^^^^^^^^^^^^^^^^^^^^^^^^^^^^^^^^^^
  File "C:\Users\gapli\Downloads\GB_Django\venv\Lib\site-packages\django\shortcuts.py", line 24, in render
    content = loader.render_to_string(template_name, context, request, using=using)
              ^^^^^^^^^^^^^^^^^^^^^^^^^^^^^^^^^^^^^^^^^^^^^^^^^^^^^^^^^^^^^^^^^^^^^
  File "C:\Users\gapli\Downloads\GB_Django\venv\Lib\site-packages\django\template\loader.py", line 61, in render_to_string
    template = get_template(template_name, using=using)
               ^^^^^^^^^^^^^^^^^^^^^^^^^^^^^^^^^^^^^^^^
  File "C:\Users\gapli\Downloads\GB_Django\venv\Lib\site-packages\django\template\loader.py", line 15, in get_template
    return engine.get_template(template_name)
           ^^^^^^^^^^^^^^^^^^^^^^^^^^^^^^^^^^
  File "C:\Users\gapli\Downloads\GB_Django\venv\Lib\site-packages\django\template\backends\django.py", line 33, in get_template
    return Template(self.engine.get_template(template_name), self)
                    ^^^^^^^^^^^^^^^^^^^^^^^^^^^^^^^^^^^^^^^
  File "C:\Users\gapli\Downloads\GB_Django\venv\Lib\site-packages\django\template\engine.py", line 175, in get_template
    template, origin = self.find_template(template_name)
                       ^^^^^^^^^^^^^^^^^^^^^^^^^^^^^^^^^
  File "C:\Users\gapli\Downloads\GB_Django\venv\Lib\site-packages\django\template\engine.py", line 157, in find_template
    template = loader.get_template(name, skip=skip)
               ^^^^^^^^^^^^^^^^^^^^^^^^^^^^^^^^^^^^
  File "C:\Users\gapli\Downloads\GB_Django\venv\Lib\site-packages\django\template\loaders\cached.py", line 57, in get_template
    template = super().get_template(template_name, skip)
               ^^^^^^^^^^^^^^^^^^^^^^^^^^^^^^^^^^^^^^^^^
  File "C:\Users\gapli\Downloads\GB_Django\venv\Lib\site-packages\django\template\loaders\base.py", line 28, in get_template
    return Template(
           ^^^^^^^^^
  File "C:\Users\gapli\Downloads\GB_Django\venv\Lib\site-packages\django\template\base.py", line 154, in __init__
    self.nodelist = self.compile_nodelist()
                    ^^^^^^^^^^^^^^^^^^^^^^^
  File "C:\Users\gapli\Downloads\GB_Django\venv\Lib\site-packages\django\template\base.py", line 200, in compile_nodelist
    return parser.parse()
           ^^^^^^^^^^^^^^
  File "C:\Users\gapli\Downloads\GB_Django\venv\Lib\site-packages\django\template\base.py", line 513, in parse
    raise self.error(token, e)
  File "C:\Users\gapli\Downloads\GB_Django\venv\Lib\site-packages\django\template\base.py", line 511, in parse
    compiled_result = compile_func(self, token)
                      ^^^^^^^^^^^^^^^^^^^^^^^^^
  File "C:\Users\gapli\Downloads\GB_Django\venv\Lib\site-packages\django\template\loader_tags.py", line 292, in do_extends
    parent_name = parser.compile_filter(bits[1])
                  ^^^^^^^^^^^^^^^^^^^^^^^^^^^^^^
  File "C:\Users\gapli\Downloads\GB_Django\venv\Lib\site-packages\django\template\base.py", line 600, in compile_filter
    return FilterExpression(token, self)
           ^^^^^^^^^^^^^^^^^^^^^^^^^^^^^
  File "C:\Users\gapli\Downloads\GB_Django\venv\Lib\site-packages\django\template\base.py", line 703, in __init__
    raise TemplateSyntaxError(
django.template.exceptions.TemplateSyntaxError: Could not parse the remainder: ''base.html' from ''base.html'
ERROR 2023-09-08 11:59:57,241 basehttp 21120 8512 "GET /lec4/user/add/ HTTP/1.1" 500 140286
INFO 2023-09-08 12:00:43,484 basehttp 21120 8512 "GET /lec4/user/add/ HTTP/1.1" 200 750
INFO 2023-09-08 12:06:19,175 autoreload 17760 6988 Watching for file changes with StatReloader
INFO 2023-09-08 12:06:19,827 basehttp 17760 21808 "GET / HTTP/1.1" 200 308
ERROR 2023-09-08 12:06:28,634 log 17760 21808 Internal Server Error: /lec4/user/add/
Traceback (most recent call last):
  File "C:\Users\gapli\Downloads\GB_Django\venv\Lib\site-packages\django\template\base.py", line 505, in parse
    compile_func = self.tags[command]
                   ~~~~~~~~~^^^^^^^^^
KeyError: 'csrf_loken'

During handling of the above exception, another exception occurred:

Traceback (most recent call last):
  File "C:\Users\gapli\Downloads\GB_Django\venv\Lib\site-packages\django\core\handlers\exception.py", line 55, in inner
    response = get_response(request)
               ^^^^^^^^^^^^^^^^^^^^^
  File "C:\Users\gapli\Downloads\GB_Django\venv\Lib\site-packages\django\core\handlers\base.py", line 197, in _get_response
    response = wrapped_callback(request, *callback_args, **callback_kwargs)
               ^^^^^^^^^^^^^^^^^^^^^^^^^^^^^^^^^^^^^^^^^^^^^^^^^^^^^^^^^^^^
  File "C:\Users\gapli\Downloads\GB_Django\Lections\myproject\myapp4\views.py", line 21, in user_form
    return render(request, 'myapp4/user_form.html', {'form': form})
           ^^^^^^^^^^^^^^^^^^^^^^^^^^^^^^^^^^^^^^^^^^^^^^^^^^^^^^^^
  File "C:\Users\gapli\Downloads\GB_Django\venv\Lib\site-packages\django\shortcuts.py", line 24, in render
    content = loader.render_to_string(template_name, context, request, using=using)
              ^^^^^^^^^^^^^^^^^^^^^^^^^^^^^^^^^^^^^^^^^^^^^^^^^^^^^^^^^^^^^^^^^^^^^
  File "C:\Users\gapli\Downloads\GB_Django\venv\Lib\site-packages\django\template\loader.py", line 61, in render_to_string
    template = get_template(template_name, using=using)
               ^^^^^^^^^^^^^^^^^^^^^^^^^^^^^^^^^^^^^^^^
  File "C:\Users\gapli\Downloads\GB_Django\venv\Lib\site-packages\django\template\loader.py", line 15, in get_template
    return engine.get_template(template_name)
           ^^^^^^^^^^^^^^^^^^^^^^^^^^^^^^^^^^
  File "C:\Users\gapli\Downloads\GB_Django\venv\Lib\site-packages\django\template\backends\django.py", line 33, in get_template
    return Template(self.engine.get_template(template_name), self)
                    ^^^^^^^^^^^^^^^^^^^^^^^^^^^^^^^^^^^^^^^
  File "C:\Users\gapli\Downloads\GB_Django\venv\Lib\site-packages\django\template\engine.py", line 175, in get_template
    template, origin = self.find_template(template_name)
                       ^^^^^^^^^^^^^^^^^^^^^^^^^^^^^^^^^
  File "C:\Users\gapli\Downloads\GB_Django\venv\Lib\site-packages\django\template\engine.py", line 157, in find_template
    template = loader.get_template(name, skip=skip)
               ^^^^^^^^^^^^^^^^^^^^^^^^^^^^^^^^^^^^
  File "C:\Users\gapli\Downloads\GB_Django\venv\Lib\site-packages\django\template\loaders\cached.py", line 57, in get_template
    template = super().get_template(template_name, skip)
               ^^^^^^^^^^^^^^^^^^^^^^^^^^^^^^^^^^^^^^^^^
  File "C:\Users\gapli\Downloads\GB_Django\venv\Lib\site-packages\django\template\loaders\base.py", line 28, in get_template
    return Template(
           ^^^^^^^^^
  File "C:\Users\gapli\Downloads\GB_Django\venv\Lib\site-packages\django\template\base.py", line 154, in __init__
    self.nodelist = self.compile_nodelist()
                    ^^^^^^^^^^^^^^^^^^^^^^^
  File "C:\Users\gapli\Downloads\GB_Django\venv\Lib\site-packages\django\template\base.py", line 200, in compile_nodelist
    return parser.parse()
           ^^^^^^^^^^^^^^
  File "C:\Users\gapli\Downloads\GB_Django\venv\Lib\site-packages\django\template\base.py", line 513, in parse
    raise self.error(token, e)
  File "C:\Users\gapli\Downloads\GB_Django\venv\Lib\site-packages\django\template\base.py", line 511, in parse
    compiled_result = compile_func(self, token)
                      ^^^^^^^^^^^^^^^^^^^^^^^^^
  File "C:\Users\gapli\Downloads\GB_Django\venv\Lib\site-packages\django\template\loader_tags.py", line 293, in do_extends
    nodelist = parser.parse()
               ^^^^^^^^^^^^^^
  File "C:\Users\gapli\Downloads\GB_Django\venv\Lib\site-packages\django\template\base.py", line 513, in parse
    raise self.error(token, e)
  File "C:\Users\gapli\Downloads\GB_Django\venv\Lib\site-packages\django\template\base.py", line 511, in parse
    compiled_result = compile_func(self, token)
                      ^^^^^^^^^^^^^^^^^^^^^^^^^
  File "C:\Users\gapli\Downloads\GB_Django\venv\Lib\site-packages\django\template\loader_tags.py", line 232, in do_block
    nodelist = parser.parse(("endblock",))
               ^^^^^^^^^^^^^^^^^^^^^^^^^^^
  File "C:\Users\gapli\Downloads\GB_Django\venv\Lib\site-packages\django\template\base.py", line 507, in parse
    self.invalid_block_tag(token, command, parse_until)
  File "C:\Users\gapli\Downloads\GB_Django\venv\Lib\site-packages\django\template\base.py", line 558, in invalid_block_tag
    raise self.error(
django.template.exceptions.TemplateSyntaxError: Invalid block tag on line 5: 'csrf_loken', expected 'endblock'. Did you forget to register or load this tag?
ERROR 2023-09-08 12:06:28,638 basehttp 17760 21808 "GET /lec4/user/add/ HTTP/1.1" 500 162099
ERROR 2023-09-08 12:11:30,040 log 17760 16348 Internal Server Error: /lec4/user/add/
Traceback (most recent call last):
  File "C:\Users\gapli\Downloads\GB_Django\venv\Lib\site-packages\django\template\base.py", line 505, in parse
    compile_func = self.tags[command]
                   ~~~~~~~~~^^^^^^^^^
KeyError: 'csrf_loken'

During handling of the above exception, another exception occurred:

Traceback (most recent call last):
  File "C:\Users\gapli\Downloads\GB_Django\venv\Lib\site-packages\django\core\handlers\exception.py", line 55, in inner
    response = get_response(request)
               ^^^^^^^^^^^^^^^^^^^^^
  File "C:\Users\gapli\Downloads\GB_Django\venv\Lib\site-packages\django\core\handlers\base.py", line 197, in _get_response
    response = wrapped_callback(request, *callback_args, **callback_kwargs)
               ^^^^^^^^^^^^^^^^^^^^^^^^^^^^^^^^^^^^^^^^^^^^^^^^^^^^^^^^^^^^
  File "C:\Users\gapli\Downloads\GB_Django\Lections\myproject\myapp4\views.py", line 21, in user_form
    return render(request, 'myapp4/user_form.html', {'form': form})
           ^^^^^^^^^^^^^^^^^^^^^^^^^^^^^^^^^^^^^^^^^^^^^^^^^^^^^^^^
  File "C:\Users\gapli\Downloads\GB_Django\venv\Lib\site-packages\django\shortcuts.py", line 24, in render
    content = loader.render_to_string(template_name, context, request, using=using)
              ^^^^^^^^^^^^^^^^^^^^^^^^^^^^^^^^^^^^^^^^^^^^^^^^^^^^^^^^^^^^^^^^^^^^^
  File "C:\Users\gapli\Downloads\GB_Django\venv\Lib\site-packages\django\template\loader.py", line 61, in render_to_string
    template = get_template(template_name, using=using)
               ^^^^^^^^^^^^^^^^^^^^^^^^^^^^^^^^^^^^^^^^
  File "C:\Users\gapli\Downloads\GB_Django\venv\Lib\site-packages\django\template\loader.py", line 15, in get_template
    return engine.get_template(template_name)
           ^^^^^^^^^^^^^^^^^^^^^^^^^^^^^^^^^^
  File "C:\Users\gapli\Downloads\GB_Django\venv\Lib\site-packages\django\template\backends\django.py", line 33, in get_template
    return Template(self.engine.get_template(template_name), self)
                    ^^^^^^^^^^^^^^^^^^^^^^^^^^^^^^^^^^^^^^^
  File "C:\Users\gapli\Downloads\GB_Django\venv\Lib\site-packages\django\template\engine.py", line 175, in get_template
    template, origin = self.find_template(template_name)
                       ^^^^^^^^^^^^^^^^^^^^^^^^^^^^^^^^^
  File "C:\Users\gapli\Downloads\GB_Django\venv\Lib\site-packages\django\template\engine.py", line 157, in find_template
    template = loader.get_template(name, skip=skip)
               ^^^^^^^^^^^^^^^^^^^^^^^^^^^^^^^^^^^^
  File "C:\Users\gapli\Downloads\GB_Django\venv\Lib\site-packages\django\template\loaders\cached.py", line 57, in get_template
    template = super().get_template(template_name, skip)
               ^^^^^^^^^^^^^^^^^^^^^^^^^^^^^^^^^^^^^^^^^
  File "C:\Users\gapli\Downloads\GB_Django\venv\Lib\site-packages\django\template\loaders\base.py", line 28, in get_template
    return Template(
           ^^^^^^^^^
  File "C:\Users\gapli\Downloads\GB_Django\venv\Lib\site-packages\django\template\base.py", line 154, in __init__
    self.nodelist = self.compile_nodelist()
                    ^^^^^^^^^^^^^^^^^^^^^^^
  File "C:\Users\gapli\Downloads\GB_Django\venv\Lib\site-packages\django\template\base.py", line 200, in compile_nodelist
    return parser.parse()
           ^^^^^^^^^^^^^^
  File "C:\Users\gapli\Downloads\GB_Django\venv\Lib\site-packages\django\template\base.py", line 513, in parse
    raise self.error(token, e)
  File "C:\Users\gapli\Downloads\GB_Django\venv\Lib\site-packages\django\template\base.py", line 511, in parse
    compiled_result = compile_func(self, token)
                      ^^^^^^^^^^^^^^^^^^^^^^^^^
  File "C:\Users\gapli\Downloads\GB_Django\venv\Lib\site-packages\django\template\loader_tags.py", line 293, in do_extends
    nodelist = parser.parse()
               ^^^^^^^^^^^^^^
  File "C:\Users\gapli\Downloads\GB_Django\venv\Lib\site-packages\django\template\base.py", line 513, in parse
    raise self.error(token, e)
  File "C:\Users\gapli\Downloads\GB_Django\venv\Lib\site-packages\django\template\base.py", line 511, in parse
    compiled_result = compile_func(self, token)
                      ^^^^^^^^^^^^^^^^^^^^^^^^^
  File "C:\Users\gapli\Downloads\GB_Django\venv\Lib\site-packages\django\template\loader_tags.py", line 232, in do_block
    nodelist = parser.parse(("endblock",))
               ^^^^^^^^^^^^^^^^^^^^^^^^^^^
  File "C:\Users\gapli\Downloads\GB_Django\venv\Lib\site-packages\django\template\base.py", line 507, in parse
    self.invalid_block_tag(token, command, parse_until)
  File "C:\Users\gapli\Downloads\GB_Django\venv\Lib\site-packages\django\template\base.py", line 558, in invalid_block_tag
    raise self.error(
django.template.exceptions.TemplateSyntaxError: Invalid block tag on line 5: 'csrf_loken', expected 'endblock'. Did you forget to register or load this tag?
ERROR 2023-09-08 12:11:30,043 basehttp 17760 16348 "GET /lec4/user/add/ HTTP/1.1" 500 162236
INFO 2023-09-08 12:11:43,527 basehttp 17760 16348 "GET /lec4/user/add/ HTTP/1.1" 200 968
INFO 2023-09-08 12:12:14,411 basehttp 17760 16348 "GET /lec4/user/add/ HTTP/1.1" 200 968
INFO 2023-09-08 12:12:15,846 basehttp 17760 16348 "GET /lec4/user/add/ HTTP/1.1" 200 968
INFO 2023-09-08 12:12:16,538 basehttp 17760 16348 "GET /lec4/user/add/ HTTP/1.1" 200 968
INFO 2023-09-08 12:12:17,651 basehttp 17760 16348 "GET /lec4/user/add/ HTTP/1.1" 200 968
INFO 2023-09-08 12:13:12,003 basehttp 17760 16348 "POST /lec4/user/add/ HTTP/1.1" 200 1013
INFO 2023-09-08 12:15:01,039 autoreload 17760 6988 C:\Users\gapli\Downloads\GB_Django\Lections\myproject\myproject\settings.py changed, reloading.
INFO 2023-09-08 12:15:01,481 autoreload 4724 7164 Watching for file changes with StatReloader
INFO 2023-09-08 12:15:04,430 views 4724 16276 Получили name='Name', email='Mail@mail.ru', age=17.
INFO 2023-09-08 12:15:04,440 basehttp 4724 16276 "POST /lec4/user/add/ HTTP/1.1" 200 1013
INFO 2023-09-08 12:44:06,591 autoreload 19648 19484 Watching for file changes with StatReloader
INFO 2023-09-08 12:44:07,465 basehttp 19648 20640 "GET / HTTP/1.1" 200 308
INFO 2023-09-08 12:44:18,477 basehttp 19648 20640 "GET /lec4/forms HTTP/1.1" 301 0
INFO 2023-09-08 12:44:18,512 basehttp 19648 11188 "GET /lec4/forms/ HTTP/1.1" 200 1511
INFO 2023-09-08 12:45:03,290 views 19648 11188 Получили form.cleaned_data={'name': 'Ilya', 'email': 'ilya@mail.ru', 'age': 25, 'height': 25.4, 'is_active': True, 'birthdate': datetime.date(2023, 9, 6), 'gender': 'M'}.
INFO 2023-09-08 12:45:03,293 basehttp 19648 11188 "POST /lec4/forms/ HTTP/1.1" 200 1586
INFO 2023-09-08 13:55:42,409 autoreload 5620 9076 Watching for file changes with StatReloader
INFO 2023-09-08 13:56:26,363 autoreload 21532 20184 Watching for file changes with StatReloader
INFO 2023-09-08 13:56:27,613 basehttp 21532 17556 "GET / HTTP/1.1" 200 308
INFO 2023-09-08 13:56:34,967 basehttp 21532 17556 "GET /lec4/forms HTTP/1.1" 301 0
INFO 2023-09-08 13:56:35,005 basehttp 21532 15836 "GET /lec4/forms/ HTTP/1.1" 200 2132
INFO 2023-09-08 14:00:47,491 views 21532 15836 Получили form.cleaned_data={'name': 'Ilya', 'email': 'ilya@mail.ru', 'age': 19, 'height': 25.6, 'is_active': True, 'birthdate': datetime.date(2023, 9, 8), 'gender': 'M', 'message': 'fdfsx'}.
INFO 2023-09-08 14:00:47,497 basehttp 21532 15836 "POST /lec4/forms/ HTTP/1.1" 200 2211
INFO 2023-09-08 14:04:48,073 autoreload 21532 20184 C:\Users\gapli\Downloads\GB_Django\Lections\myproject\myapp4\forms.py changed, reloading.
INFO 2023-09-08 14:04:48,670 autoreload 13316 10464 Watching for file changes with StatReloader
INFO 2023-09-08 14:05:14,390 views 13316 10856 Получили form.cleaned_data={'name': 'Ilya', 'email': 'ilya@mail.ru', 'age': 19, 'height': 25.6, 'is_active': True, 'birthdate': datetime.date(2023, 9, 8), 'gender': 'M', 'message': 'fdfsx'}.
INFO 2023-09-08 14:05:14,406 basehttp 13316 10856 "POST /lec4/forms/ HTTP/1.1" 200 2211
INFO 2023-09-08 14:17:19,597 autoreload 13316 10464 C:\Users\gapli\Downloads\GB_Django\Lections\myproject\myapp4\forms.py changed, reloading.
INFO 2023-09-08 14:17:20,096 autoreload 16056 6660 Watching for file changes with StatReloader
INFO 2023-09-08 14:38:13,794 autoreload 16056 6660 C:\Users\gapli\Downloads\GB_Django\Lections\myproject\myapp4\models.py changed, reloading.
INFO 2023-09-08 14:38:14,257 autoreload 3068 21664 Watching for file changes with StatReloader
INFO 2023-09-08 14:41:31,821 autoreload 3068 21664 C:\Users\gapli\Downloads\GB_Django\Lections\myproject\myapp4\models.py changed, reloading.
INFO 2023-09-08 14:41:32,323 autoreload 7516 12816 Watching for file changes with StatReloader
INFO 2023-09-08 14:55:19,728 autoreload 9952 9160 Watching for file changes with StatReloader
INFO 2023-09-08 14:55:25,839 views 9952 13512 Получили form.cleaned_data={'name': 'Ilya', 'email': 'ilya@mail.ru', 'age': 19, 'height': 25.6, 'is_active': True, 'birthdate': datetime.date(2023, 9, 8), 'gender': 'M', 'message': 'fdfsx'}.
INFO 2023-09-08 14:55:25,853 basehttp 9952 13512 "POST /lec4/forms/ HTTP/1.1" 200 2211
INFO 2023-09-08 14:55:31,444 basehttp 9952 13512 "GET /lec4/user HTTP/1.1" 301 0
INFO 2023-09-08 14:55:31,454 basehttp 9952 6660 "GET /lec4/user/ HTTP/1.1" 200 1007
INFO 2023-09-08 14:55:52,884 basehttp 9952 6660 "GET /lec4/user/ HTTP/1.1" 200 946
INFO 2023-09-08 14:57:18,379 basehttp 9952 6660 "POST /lec4/user/ HTTP/1.1" 200 1195
INFO 2023-09-08 14:57:46,492 views 9952 6660 Получили name='Ilya' email='gaplis@corp.mail.ru' age=14.
INFO 2023-09-08 14:57:46,499 basehttp 9952 6660 "POST /lec4/user/ HTTP/1.1" 200 1010
INFO 2023-09-08 15:02:33,613 autoreload 9952 9160 C:\Users\gapli\Downloads\GB_Django\Lections\myproject\myapp4\forms.py changed, reloading.
INFO 2023-09-08 15:02:34,161 autoreload 2240 13480 Watching for file changes with StatReloader
INFO 2023-09-08 15:10:45,887 autoreload 2240 13480 C:\Users\gapli\Downloads\GB_Django\Lections\myproject\myproject\settings.py changed, reloading.
INFO 2023-09-08 15:10:46,461 autoreload 8204 7164 Watching for file changes with StatReloader
INFO 2023-09-08 15:13:13,985 autoreload 8204 7164 C:\Users\gapli\Downloads\GB_Django\Lections\myproject\myapp4\views.py changed, reloading.
INFO 2023-09-08 15:13:14,420 autoreload 13540 15332 Watching for file changes with StatReloader
INFO 2023-09-08 15:20:15,795 autoreload 13540 15332 C:\Users\gapli\Downloads\GB_Django\Lections\myproject\myapp4\urls.py changed, reloading.
INFO 2023-09-08 15:20:16,413 autoreload 19644 22052 Watching for file changes with StatReloader
INFO 2023-09-08 15:22:26,995 basehttp 19644 21864 "GET /lec4/upload HTTP/1.1" 301 0
INFO 2023-09-08 15:22:27,013 basehttp 19644 15836 "GET /lec4/upload/ HTTP/1.1" 200 634
INFO 2023-09-08 15:23:00,762 basehttp 19644 15836 "POST /lec4/upload/ HTTP/1.1" 200 634
INFO 2023-09-08 15:24:03,495 basehttp 19644 15836 "POST /lec4/upload/ HTTP/1.1" 200 634
INFO 2023-09-08 15:24:22,065 basehttp 19644 15836 "POST /lec4/upload/ HTTP/1.1" 200 634
INFO 2023-09-08 15:24:34,762 autoreload 19644 22052 C:\Users\gapli\Downloads\GB_Django\Lections\myproject\myproject\settings.py changed, reloading.
INFO 2023-09-08 15:24:35,258 autoreload 17912 7512 Watching for file changes with StatReloader
INFO 2023-09-08 15:24:37,692 basehttp 17912 20544 "POST /lec4/upload/ HTTP/1.1" 200 634
INFO 2023-09-10 01:02:40,806 autoreload 3220 6356 Watching for file changes with StatReloader
INFO 2023-09-10 01:03:08,320 basehttp 3220 8148 "GET / HTTP/1.1" 200 308
INFO 2023-09-10 01:03:12,639 basehttp 3220 8148 "GET /admin HTTP/1.1" 301 0
INFO 2023-09-10 01:03:12,651 basehttp 3220 15280 "GET /admin/ HTTP/1.1" 302 0
INFO 2023-09-10 01:03:12,715 basehttp 3220 15280 "GET /admin/login/?next=/admin/ HTTP/1.1" 200 4181
INFO 2023-09-10 01:03:12,861 basehttp 3220 25400 "GET /static/admin/css/dark_mode.css HTTP/1.1" 200 2929
INFO 2023-09-10 01:03:12,867 basehttp 3220 15280 "GET /static/admin/css/base.css HTTP/1.1" 200 21207
INFO 2023-09-10 01:03:12,872 basehttp 3220 21564 "GET /static/admin/css/nav_sidebar.css HTTP/1.1" 200 2694
INFO 2023-09-10 01:03:12,873 basehttp 3220 9952 "GET /static/admin/css/login.css HTTP/1.1" 200 958
INFO 2023-09-10 01:03:12,874 basehttp 3220 25400 "GET /static/admin/js/nav_sidebar.js HTTP/1.1" 200 3063
INFO 2023-09-10 01:03:12,874 basehttp 3220 17484 "GET /static/admin/css/responsive.css HTTP/1.1" 200 18533
INFO 2023-09-10 01:03:12,879 basehttp 3220 25216 "GET /static/admin/js/theme.js HTTP/1.1" 200 1943
INFO 2023-09-10 01:03:14,600 basehttp 3220 25216 "POST /admin/login/?next=/admin/ HTTP/1.1" 200 4338
INFO 2023-09-10 01:03:21,170 basehttp 3220 25216 "POST /admin/login/?next=/admin/ HTTP/1.1" 200 4338
INFO 2023-09-10 01:04:33,865 autoreload 3220 6356 C:\Users\gapli\Downloads\GB_Django\Lections\myproject\myproject\settings.py changed, reloading.
INFO 2023-09-10 01:04:34,375 autoreload 13372 348 Watching for file changes with StatReloader
INFO 2023-09-10 01:05:15,139 basehttp 13372 13480 "POST /admin/login/?next=/admin/ HTTP/1.1" 200 4530
INFO 2023-09-10 01:14:02,103 autoreload 23184 19208 Watching for file changes with StatReloader
INFO 2023-09-10 01:14:09,597 basehttp 23184 20724 "POST /admin/login/?next=/admin/ HTTP/1.1" 200 4530
INFO 2023-09-10 01:14:10,557 basehttp 23184 20724 "GET /admin/login/?next=/admin/ HTTP/1.1" 200 4267
INFO 2023-09-10 01:14:18,451 basehttp 23184 20724 "POST /admin/login/?next=/admin/ HTTP/1.1" 200 4535
INFO 2023-09-10 01:14:24,649 basehttp 23184 20724 "POST /admin/login/?next=/admin/ HTTP/1.1" 200 4535
INFO 2023-09-10 01:14:28,568 basehttp 23184 20724 "POST /admin/login/?next=/admin/ HTTP/1.1" 200 4535
INFO 2023-09-10 01:14:37,552 basehttp 23184 20724 "POST /admin/login/?next=/admin/ HTTP/1.1" 302 0
INFO 2023-09-10 01:14:37,574 basehttp 23184 20724 "GET /admin/ HTTP/1.1" 200 5853
INFO 2023-09-10 01:14:37,632 basehttp 23184 20724 "GET /static/admin/css/dashboard.css HTTP/1.1" 200 441
INFO 2023-09-10 01:14:37,641 basehttp 23184 5116 "GET /static/admin/img/icon-changelink.svg HTTP/1.1" 200 380
INFO 2023-09-10 01:14:37,641 basehttp 23184 20724 "GET /static/admin/img/icon-addlink.svg HTTP/1.1" 200 331
INFO 2023-09-10 01:15:19,066 basehttp 23184 20724 "GET / HTTP/1.1" 200 308
INFO 2023-09-10 01:20:23,321 basehttp 23184 9824 "GET /admin/auth/user/ HTTP/1.1" 200 11313
INFO 2023-09-10 01:20:23,352 basehttp 23184 9824 "GET /static/admin/css/changelists.css HTTP/1.1" 200 6566
INFO 2023-09-10 01:20:23,365 basehttp 23184 4440 "GET /admin/jsi18n/ HTTP/1.1" 200 16066
INFO 2023-09-10 01:20:23,366 basehttp 23184 10508 "GET /static/admin/js/jquery.init.js HTTP/1.1" 200 347
INFO 2023-09-10 01:20:23,371 basehttp 23184 18692 "GET /static/admin/js/core.js HTTP/1.1" 200 5682
INFO 2023-09-10 01:20:23,371 basehttp 23184 1268 "GET /static/admin/js/admin/RelatedObjectLookups.js HTTP/1.1" 200 8943
INFO 2023-09-10 01:20:23,374 basehttp 23184 9824 "GET /static/admin/js/actions.js HTTP/1.1" 200 7872
INFO 2023-09-10 01:20:23,383 basehttp 23184 10508 "GET /static/admin/js/prepopulate.js HTTP/1.1" 200 1531
INFO 2023-09-10 01:20:23,383 basehttp 23184 4440 "GET /static/admin/js/urlify.js HTTP/1.1" 200 7887
INFO 2023-09-10 01:20:23,402 basehttp 23184 25200 "GET /static/admin/js/vendor/jquery/jquery.js HTTP/1.1" 200 292458
INFO 2023-09-10 01:20:23,423 basehttp 23184 25200 "GET /static/admin/js/filters.js HTTP/1.1" 200 978
INFO 2023-09-10 01:20:23,431 basehttp 23184 1268 "GET /static/admin/js/vendor/xregexp/xregexp.js HTTP/1.1" 200 232381
INFO 2023-09-10 01:20:23,437 basehttp 23184 25200 "GET /static/admin/img/search.svg HTTP/1.1" 200 458
INFO 2023-09-10 01:20:23,451 basehttp 23184 25200 "GET /static/admin/img/icon-yes.svg HTTP/1.1" 200 436
INFO 2023-09-10 01:20:23,461 basehttp 23184 1268 "GET /static/admin/img/tooltag-add.svg HTTP/1.1" 200 331
INFO 2023-09-10 01:20:23,461 basehttp 23184 4440 "GET /static/admin/img/sorting-icons.svg HTTP/1.1" 200 1097
INFO 2023-09-10 01:20:51,530 basehttp 23184 4440 "GET /admin/auth/user/add/ HTTP/1.1" 200 10989
INFO 2023-09-10 01:20:51,558 basehttp 23184 1268 "GET /admin/jsi18n/ HTTP/1.1" 200 16066
INFO 2023-09-10 01:20:51,560 basehttp 23184 4440 "GET /static/admin/css/forms.css HTTP/1.1" 200 9047
INFO 2023-09-10 01:20:51,564 basehttp 23184 25200 "GET /static/admin/js/prepopulate_init.js HTTP/1.1" 200 586
INFO 2023-09-10 01:20:51,570 basehttp 23184 1268 "GET /static/admin/css/widgets.css HTTP/1.1" 200 11900
INFO 2023-09-10 01:20:51,573 basehttp 23184 4440 "GET /static/admin/js/change_form.js HTTP/1.1" 200 606
INFO 2023-09-10 01:22:00,837 basehttp 23184 4440 "POST /admin/auth/user/add/ HTTP/1.1" 200 11465
INFO 2023-09-10 01:22:00,871 basehttp 23184 4440 "GET /admin/jsi18n/ HTTP/1.1" 200 16066
INFO 2023-09-10 01:22:31,052 basehttp 23184 4440 "POST /admin/auth/user/add/ HTTP/1.1" 200 11204
INFO 2023-09-10 01:22:31,067 basehttp 23184 4440 "GET /admin/jsi18n/ HTTP/1.1" 200 16066
INFO 2023-09-10 01:22:46,799 basehttp 23184 4440 "POST /admin/auth/user/add/ HTTP/1.1" 302 0
INFO 2023-09-10 01:22:46,852 basehttp 23184 4440 "GET /admin/auth/user/2/change/ HTTP/1.1" 200 23921
INFO 2023-09-10 01:22:46,879 basehttp 23184 1268 "GET /admin/jsi18n/ HTTP/1.1" 200 16066
INFO 2023-09-10 01:22:46,889 basehttp 23184 10508 "GET /static/admin/js/SelectBox.js HTTP/1.1" 200 4530
INFO 2023-09-10 01:22:46,889 basehttp 23184 9824 "GET /static/admin/js/SelectFilter2.js HTTP/1.1" 200 15292
INFO 2023-09-10 01:22:46,890 basehttp 23184 4440 "GET /static/admin/js/calendar.js HTTP/1.1" 200 8466
INFO 2023-09-10 01:22:46,890 basehttp 23184 25200 "GET /static/admin/js/admin/DateTimeShortcuts.js HTTP/1.1" 200 19319
INFO 2023-09-10 01:22:46,934 basehttp 23184 9824 "GET /static/admin/img/icon-unknown-alt.svg HTTP/1.1" 200 655
INFO 2023-09-10 01:22:46,934 basehttp 23184 1268 "GET /static/admin/img/icon-clock.svg HTTP/1.1" 200 677
INFO 2023-09-10 01:22:46,935 basehttp 23184 4440 "GET /static/admin/img/selector-icons.svg HTTP/1.1" 200 3291
INFO 2023-09-10 01:22:46,935 basehttp 23184 25200 "GET /static/admin/img/icon-unknown.svg HTTP/1.1" 200 655
INFO 2023-09-10 01:22:46,935 basehttp 23184 10508 "GET /static/admin/img/icon-calendar.svg HTTP/1.1" 200 1086
INFO 2023-09-10 01:26:17,952 basehttp 23184 4440 "POST /admin/auth/user/2/change/ HTTP/1.1" 302 0
INFO 2023-09-10 01:26:17,976 basehttp 23184 4440 "GET /admin/auth/user/ HTTP/1.1" 200 11923
INFO 2023-09-10 01:26:18,002 basehttp 23184 4440 "GET /admin/jsi18n/ HTTP/1.1" 200 16066
INFO 2023-09-10 01:26:24,935 basehttp 23184 4440 "GET /admin/auth/group/ HTTP/1.1" 200 7642
INFO 2023-09-10 01:26:24,961 basehttp 23184 4440 "GET /admin/jsi18n/ HTTP/1.1" 200 16066
INFO 2023-09-10 01:26:34,972 basehttp 23184 4440 "GET /admin/auth/group/add/ HTTP/1.1" 200 13315
INFO 2023-09-10 01:26:34,998 basehttp 23184 4440 "GET /admin/jsi18n/ HTTP/1.1" 200 16066
INFO 2023-09-10 01:27:12,226 basehttp 23184 4440 "POST /admin/auth/group/add/ HTTP/1.1" 302 0
INFO 2023-09-10 01:27:12,240 basehttp 23184 4440 "GET /admin/auth/group/ HTTP/1.1" 200 9115
INFO 2023-09-10 01:27:12,260 basehttp 23184 4440 "GET /admin/jsi18n/ HTTP/1.1" 200 16066
INFO 2023-09-10 01:27:13,879 basehttp 23184 4440 "GET /admin/auth/user/ HTTP/1.1" 200 12009
INFO 2023-09-10 01:27:13,897 basehttp 23184 4440 "GET /admin/jsi18n/ HTTP/1.1" 200 16066
INFO 2023-09-10 01:27:16,190 basehttp 23184 4440 "GET /admin/auth/user/2/change/ HTTP/1.1" 200 23700
INFO 2023-09-10 01:27:16,206 basehttp 23184 4440 "GET /admin/jsi18n/ HTTP/1.1" 200 16066
INFO 2023-09-10 01:27:26,028 basehttp 23184 4440 "POST /admin/auth/user/2/change/ HTTP/1.1" 302 0
INFO 2023-09-10 01:27:26,045 basehttp 23184 4440 "GET /admin/auth/user/ HTTP/1.1" 200 12229
INFO 2023-09-10 01:27:26,071 basehttp 23184 4440 "GET /admin/jsi18n/ HTTP/1.1" 200 16066
INFO 2023-09-10 01:27:35,625 basehttp 23184 4440 "POST /admin/logout/ HTTP/1.1" 200 3709
INFO 2023-09-10 01:27:36,800 basehttp 23184 4440 "GET /admin/ HTTP/1.1" 302 0
INFO 2023-09-10 01:27:36,808 basehttp 23184 4440 "GET /admin/login/?next=/admin/ HTTP/1.1" 200 4267
INFO 2023-09-10 01:27:42,682 basehttp 23184 4440 "POST /admin/login/?next=/admin/ HTTP/1.1" 302 0
INFO 2023-09-10 01:27:42,692 basehttp 23184 4440 "GET /admin/ HTTP/1.1" 200 4801
INFO 2023-09-10 01:36:37,608 autoreload 23184 19208 C:\Users\gapli\Downloads\GB_Django\Lections\myproject\myapp5\models.py changed, reloading.
INFO 2023-09-10 01:36:38,286 autoreload 15536 10260 Watching for file changes with StatReloader
INFO 2023-09-10 01:44:07,873 autoreload 11196 5152 Watching for file changes with StatReloader
INFO 2023-09-10 01:44:11,770 basehttp 11196 8016 "GET /admin/ HTTP/1.1" 200 4801
INFO 2023-09-10 01:44:14,235 basehttp 11196 8016 "GET /admin/ HTTP/1.1" 200 4801
INFO 2023-09-10 01:44:17,560 basehttp 11196 8016 "POST /admin/logout/ HTTP/1.1" 200 3709
INFO 2023-09-10 01:44:18,645 basehttp 11196 8016 "GET /admin/ HTTP/1.1" 302 0
INFO 2023-09-10 01:44:18,660 basehttp 11196 8016 "GET /admin/login/?next=/admin/ HTTP/1.1" 200 4267
INFO 2023-09-10 01:44:21,647 basehttp 11196 8016 "POST /admin/login/?next=/admin/ HTTP/1.1" 302 0
INFO 2023-09-10 01:44:21,660 basehttp 11196 8016 "GET /admin/ HTTP/1.1" 200 8205
INFO 2023-09-10 01:44:21,714 basehttp 11196 8016 "GET /static/admin/img/icon-changelink.svg HTTP/1.1" 200 380
INFO 2023-09-10 01:45:39,657 autoreload 11196 5152 C:\Users\gapli\Downloads\GB_Django\Lections\myproject\myapp3\admin.py changed, reloading.
INFO 2023-09-10 01:45:40,210 autoreload 4036 4080 Watching for file changes with StatReloader
INFO 2023-09-10 01:45:52,990 basehttp 4036 23944 "GET /admin/ HTTP/1.1" 200 9320
INFO 2023-09-10 01:46:28,171 basehttp 4036 23944 "POST /admin/logout/ HTTP/1.1" 200 3709
INFO 2023-09-10 01:46:29,103 basehttp 4036 23944 "GET /admin/ HTTP/1.1" 302 0
INFO 2023-09-10 01:46:29,117 basehttp 4036 23944 "GET /admin/login/?next=/admin/ HTTP/1.1" 200 4267
INFO 2023-09-10 01:46:31,639 basehttp 4036 23944 "POST /admin/login/?next=/admin/ HTTP/1.1" 302 0
INFO 2023-09-10 01:46:31,651 basehttp 4036 23944 "GET /admin/ HTTP/1.1" 200 5340
INFO 2023-09-10 01:46:49,808 basehttp 4036 23944 "GET /admin/myapp3/post/ HTTP/1.1" 200 17274
INFO 2023-09-10 01:46:58,828 basehttp 4036 23944 "GET /admin/myapp3/post/100/change/ HTTP/1.1" 200 10035
INFO 2023-09-10 01:46:58,877 basehttp 4036 23944 "GET /admin/jsi18n/ HTTP/1.1" 200 16066
INFO 2023-09-10 01:47:40,492 basehttp 4036 23944 "POST /admin/logout/ HTTP/1.1" 200 3709
INFO 2023-09-10 01:47:41,314 basehttp 4036 23944 "GET /admin/ HTTP/1.1" 302 0
INFO 2023-09-10 01:47:41,321 basehttp 4036 23944 "GET /admin/login/?next=/admin/ HTTP/1.1" 200 4267
INFO 2023-09-10 01:47:43,938 basehttp 4036 23944 "POST /admin/login/?next=/admin/ HTTP/1.1" 302 0
INFO 2023-09-10 01:47:43,950 basehttp 4036 23944 "GET /admin/ HTTP/1.1" 200 9320
INFO 2023-09-10 01:47:46,994 basehttp 4036 23944 "GET /admin/myapp3/post/ HTTP/1.1" 200 31491
INFO 2023-09-10 01:47:47,026 basehttp 4036 23944 "GET /admin/jsi18n/ HTTP/1.1" 200 16066
INFO 2023-09-10 01:47:49,864 basehttp 4036 23944 "GET /admin/myapp3/post/98/change/ HTTP/1.1" 200 13210
INFO 2023-09-10 01:47:49,900 basehttp 4036 23944 "GET /admin/jsi18n/ HTTP/1.1" 200 16066
INFO 2023-09-10 01:47:49,939 basehttp 4036 1872 "GET /static/admin/img/icon-viewlink.svg HTTP/1.1" 200 581
INFO 2023-09-10 01:48:02,180 basehttp 4036 1872 "GET /admin/myapp5/category/ HTTP/1.1" 200 8981
INFO 2023-09-10 01:48:02,224 basehttp 4036 1872 "GET /admin/jsi18n/ HTTP/1.1" 200 16066
INFO 2023-09-10 01:48:04,538 basehttp 4036 1872 "GET /admin/myapp5/category/add/ HTTP/1.1" 200 9822
INFO 2023-09-10 01:48:04,567 basehttp 4036 1872 "GET /admin/jsi18n/ HTTP/1.1" 200 16066
INFO 2023-09-10 01:48:16,828 basehttp 4036 1872 "POST /admin/myapp5/category/add/ HTTP/1.1" 302 0
INFO 2023-09-10 01:48:16,840 basehttp 4036 1872 "GET /admin/myapp5/category/add/ HTTP/1.1" 200 10112
INFO 2023-09-10 01:48:16,877 basehttp 4036 1872 "GET /admin/jsi18n/ HTTP/1.1" 200 16066
INFO 2023-09-10 01:48:22,066 basehttp 4036 1872 "POST /admin/myapp5/category/add/ HTTP/1.1" 302 0
INFO 2023-09-10 01:48:22,080 basehttp 4036 1872 "GET /admin/myapp5/category/ HTTP/1.1" 200 10663
INFO 2023-09-10 01:48:22,099 basehttp 4036 1872 "GET /admin/jsi18n/ HTTP/1.1" 200 16066
INFO 2023-09-10 01:48:27,520 basehttp 4036 1872 "GET /admin/myapp5/product/add/ HTTP/1.1" 200 11676
INFO 2023-09-10 01:48:27,560 basehttp 4036 1872 "GET /admin/jsi18n/ HTTP/1.1" 200 16066
INFO 2023-09-10 01:48:42,278 basehttp 4036 1872 "POST /admin/myapp5/product/add/ HTTP/1.1" 302 0
INFO 2023-09-10 01:48:42,304 basehttp 4036 1872 "GET /admin/myapp5/product/add/ HTTP/1.1" 200 11957
INFO 2023-09-10 01:48:42,322 basehttp 4036 1872 "GET /admin/jsi18n/ HTTP/1.1" 200 16066
INFO 2023-09-10 01:48:48,086 basehttp 4036 1872 "POST /admin/myapp5/product/add/ HTTP/1.1" 302 0
INFO 2023-09-10 01:48:48,100 basehttp 4036 1872 "GET /admin/myapp5/product/add/ HTTP/1.1" 200 11963
INFO 2023-09-10 01:48:48,134 basehttp 4036 1872 "GET /admin/jsi18n/ HTTP/1.1" 200 16066
INFO 2023-09-10 01:48:57,871 basehttp 4036 1872 "GET /admin/myapp5/category/add/?_to_field=id&_popup=1 HTTP/1.1" 200 4478
INFO 2023-09-10 01:48:57,910 basehttp 4036 1872 "GET /admin/jsi18n/ HTTP/1.1" 200 16066
INFO 2023-09-10 01:49:13,098 basehttp 4036 1872 "POST /admin/myapp5/category/add/?_to_field=id&_popup=1 HTTP/1.1" 200 403
INFO 2023-09-10 01:49:13,125 basehttp 4036 1872 "GET /static/admin/js/popup_response.js HTTP/1.1" 200 551
INFO 2023-09-10 01:49:22,981 basehttp 4036 1872 "POST /admin/myapp5/product/add/ HTTP/1.1" 302 0
INFO 2023-09-10 01:49:22,997 basehttp 4036 1872 "GET /admin/myapp5/product/add/ HTTP/1.1" 200 12004
INFO 2023-09-10 01:49:23,019 basehttp 4036 1872 "GET /admin/jsi18n/ HTTP/1.1" 200 16066
INFO 2023-09-10 01:49:31,575 basehttp 4036 1872 "POST /admin/myapp5/product/add/ HTTP/1.1" 302 0
INFO 2023-09-10 01:49:31,591 basehttp 4036 1872 "GET /admin/myapp5/product/ HTTP/1.1" 200 11078
INFO 2023-09-10 01:49:31,637 basehttp 4036 1872 "GET /admin/jsi18n/ HTTP/1.1" 200 16066
INFO 2023-09-10 01:49:43,770 basehttp 4036 1872 "GET /admin/myapp5/product/1/change/ HTTP/1.1" 200 11937
INFO 2023-09-10 01:49:43,804 basehttp 4036 1872 "GET /admin/jsi18n/ HTTP/1.1" 200 16066
INFO 2023-09-10 01:49:48,869 basehttp 4036 1872 "GET /admin/myapp5/product/1/delete/ HTTP/1.1" 200 9028
INFO 2023-09-10 01:49:48,927 basehttp 4036 1872 "GET /static/admin/js/cancel.js HTTP/1.1" 200 884
INFO 2023-09-10 01:50:02,906 basehttp 4036 1872 "POST /admin/myapp5/product/1/delete/ HTTP/1.1" 302 0
INFO 2023-09-10 01:50:02,920 basehttp 4036 1872 "GET /admin/myapp5/product/ HTTP/1.1" 200 10817
INFO 2023-09-10 01:50:02,942 basehttp 4036 1872 "GET /admin/jsi18n/ HTTP/1.1" 200 16066
INFO 2023-09-10 02:24:04,686 autoreload 4036 4080 C:\Users\gapli\Downloads\GB_Django\Lections\myproject\myapp5\models.py changed, reloading.
INFO 2023-09-10 02:24:05,375 autoreload 24528 7000 Watching for file changes with StatReloader
INFO 2023-09-10 02:32:37,673 autoreload 23380 9840 Watching for file changes with StatReloader
INFO 2023-09-10 02:32:47,628 basehttp 23380 17360 "GET /admin/myapp5/product/ HTTP/1.1" 200 10655
INFO 2023-09-10 02:32:47,658 basehttp 23380 17360 "GET /admin/jsi18n/ HTTP/1.1" 200 16066
INFO 2023-09-10 02:32:50,174 basehttp 23380 17360 "GET /admin/myapp5/product/4/change/ HTTP/1.1" 200 14493
INFO 2023-09-10 02:32:50,207 basehttp 23380 17360 "GET /admin/jsi18n/ HTTP/1.1" 200 16066
INFO 2023-09-10 02:33:48,414 basehttp 23380 17360 "POST /admin/myapp5/product/4/change/ HTTP/1.1" 302 0
INFO 2023-09-10 02:33:48,443 basehttp 23380 17360 "GET /admin/myapp5/product/ HTTP/1.1" 200 10873
INFO 2023-09-10 02:33:48,465 basehttp 23380 17360 "GET /admin/jsi18n/ HTTP/1.1" 200 16066
INFO 2023-09-10 02:35:01,372 autoreload 23380 9840 C:\Users\gapli\Downloads\GB_Django\Lections\myproject\myapp5\admin.py changed, reloading.
INFO 2023-09-10 02:35:01,891 autoreload 22944 23100 Watching for file changes with StatReloader
INFO 2023-09-10 02:35:51,317 autoreload 22944 23100 C:\Users\gapli\Downloads\GB_Django\Lections\myproject\myapp5\admin.py changed, reloading.
INFO 2023-09-10 02:35:51,829 autoreload 25208 19292 Watching for file changes with StatReloader
INFO 2023-09-10 02:35:55,338 basehttp 25208 25148 "GET /admin/myapp5/product/ HTTP/1.1" 200 11195
INFO 2023-09-10 02:35:55,362 basehttp 25208 25148 "GET /admin/jsi18n/ HTTP/1.1" 200 16066
INFO 2023-09-10 02:36:25,760 basehttp 25208 25148 "GET /admin/myapp5/product/?o=1 HTTP/1.1" 200 11603
INFO 2023-09-10 02:36:25,790 basehttp 25208 25148 "GET /admin/jsi18n/ HTTP/1.1" 200 16066
INFO 2023-09-10 02:36:26,546 basehttp 25208 25148 "GET /admin/myapp5/product/?o=2.1 HTTP/1.1" 200 12093
INFO 2023-09-10 02:36:26,579 basehttp 25208 25148 "GET /admin/jsi18n/ HTTP/1.1" 200 16066
INFO 2023-09-10 02:36:27,547 basehttp 25208 25148 "GET /admin/myapp5/product/?o=3.2.1 HTTP/1.1" 200 12506
INFO 2023-09-10 02:36:27,579 basehttp 25208 25148 "GET /admin/jsi18n/ HTTP/1.1" 200 16066
INFO 2023-09-10 02:36:29,165 basehttp 25208 25148 "GET /admin/myapp5/product/?o=3.1 HTTP/1.1" 200 12093
INFO 2023-09-10 02:36:29,200 basehttp 25208 25148 "GET /admin/jsi18n/ HTTP/1.1" 200 16066
INFO 2023-09-10 02:36:30,198 basehttp 25208 25148 "GET /admin/myapp5/product/?o=1 HTTP/1.1" 200 11603
INFO 2023-09-10 02:36:30,216 basehttp 25208 25148 "GET /admin/jsi18n/ HTTP/1.1" 200 16066
INFO 2023-09-10 02:36:31,209 basehttp 25208 25148 "GET /admin/myapp5/product/?o= HTTP/1.1" 200 11295
INFO 2023-09-10 02:36:31,240 basehttp 25208 25148 "GET /admin/jsi18n/ HTTP/1.1" 200 16066
INFO 2023-09-10 02:37:44,886 autoreload 25208 19292 C:\Users\gapli\Downloads\GB_Django\Lections\myproject\myapp5\admin.py changed, reloading.
INFO 2023-09-10 02:37:45,465 autoreload 23148 23184 Watching for file changes with StatReloader
INFO 2023-09-10 02:37:49,383 basehttp 23148 11196 "GET /admin/myapp5/product/?o= HTTP/1.1" 200 11295
INFO 2023-09-10 02:37:49,401 basehttp 23148 11196 "GET /admin/jsi18n/ HTTP/1.1" 200 16066
INFO 2023-09-10 02:37:52,353 basehttp 23148 11196 "GET /admin/myapp5/product/ HTTP/1.1" 200 11985
INFO 2023-09-10 02:37:52,368 basehttp 23148 11196 "GET /admin/jsi18n/ HTTP/1.1" 200 16066
INFO 2023-09-10 02:38:17,658 autoreload 23148 23184 C:\Users\gapli\Downloads\GB_Django\Lections\myproject\myapp5\admin.py changed, reloading.
INFO 2023-09-10 02:38:18,203 autoreload 21160 20904 Watching for file changes with StatReloader
INFO 2023-09-10 02:38:22,709 basehttp 21160 24504 "GET /admin/myapp5/product/ HTTP/1.1" 200 13233
INFO 2023-09-10 02:38:22,732 basehttp 21160 24504 "GET /admin/jsi18n/ HTTP/1.1" 200 16066
INFO 2023-09-10 02:39:07,510 basehttp 21160 24504 "GET /admin/myapp5/product/?price=4235.00 HTTP/1.1" 200 13058
INFO 2023-09-10 02:39:07,547 basehttp 21160 24504 "GET /admin/jsi18n/ HTTP/1.1" 200 16066
INFO 2023-09-10 02:39:10,679 basehttp 21160 24504 "GET /admin/myapp5/product/?price=999999.99 HTTP/1.1" 200 13417
INFO 2023-09-10 02:39:10,709 basehttp 21160 24504 "GET /admin/jsi18n/ HTTP/1.1" 200 16066
INFO 2023-09-10 02:39:31,736 basehttp 21160 24504 "GET /admin/myapp5/product/? HTTP/1.1" 200 13233
INFO 2023-09-10 02:39:31,771 basehttp 21160 24504 "GET /admin/jsi18n/ HTTP/1.1" 200 16066
INFO 2023-09-10 02:39:56,875 autoreload 21160 20904 C:\Users\gapli\Downloads\GB_Django\Lections\myproject\myapp5\admin.py changed, reloading.
INFO 2023-09-10 02:39:57,463 autoreload 23080 22700 Watching for file changes with StatReloader
INFO 2023-09-10 02:40:19,243 autoreload 23080 22700 C:\Users\gapli\Downloads\GB_Django\Lections\myproject\myapp5\admin.py changed, reloading.
INFO 2023-09-10 02:40:19,787 autoreload 20440 23420 Watching for file changes with StatReloader
INFO 2023-09-10 02:40:23,538 basehttp 20440 23520 "GET /admin/myapp5/product/ HTTP/1.1" 200 13727
INFO 2023-09-10 02:40:23,555 basehttp 20440 23520 "GET /admin/jsi18n/ HTTP/1.1" 200 16066
INFO 2023-09-10 02:41:08,148 basehttp 20440 23520 "GET /admin/myapp5/product/3/change/ HTTP/1.1" 200 14469
INFO 2023-09-10 02:41:08,183 basehttp 20440 23520 "GET /admin/jsi18n/ HTTP/1.1" 200 16066
INFO 2023-09-10 02:41:17,405 basehttp 20440 23520 "POST /admin/myapp5/product/3/change/ HTTP/1.1" 302 0
INFO 2023-09-10 02:41:17,421 basehttp 20440 23520 "GET /admin/myapp5/product/ HTTP/1.1" 200 13939
INFO 2023-09-10 02:41:17,438 basehttp 20440 23520 "GET /admin/jsi18n/ HTTP/1.1" 200 16066
INFO 2023-09-10 02:41:19,365 basehttp 20440 23520 "GET /admin/myapp5/product/3/change/ HTTP/1.1" 200 14503
INFO 2023-09-10 02:41:19,382 basehttp 20440 23520 "GET /admin/jsi18n/ HTTP/1.1" 200 16066
INFO 2023-09-10 02:41:20,923 basehttp 20440 23520 "GET /admin/myapp5/product/ HTTP/1.1" 200 13727
INFO 2023-09-10 02:41:24,037 basehttp 20440 23520 "GET /admin/myapp5/product/?q=%D0%B2%D0%BA%D1%83%D1%81 HTTP/1.1" 200 13827
INFO 2023-09-10 02:41:24,066 basehttp 20440 23520 "GET /admin/jsi18n/ HTTP/1.1" 200 16066
INFO 2023-09-10 02:43:45,844 autoreload 20440 23420 C:\Users\gapli\Downloads\GB_Django\Lections\myproject\myapp5\admin.py changed, reloading.
INFO 2023-09-10 02:43:46,453 autoreload 11196 18556 Watching for file changes with StatReloader
INFO 2023-09-10 02:44:59,413 autoreload 11196 18556 C:\Users\gapli\Downloads\GB_Django\Lections\myproject\myapp5\admin.py changed, reloading.
INFO 2023-09-10 02:45:00,002 autoreload 20196 3848 Watching for file changes with StatReloader
INFO 2023-09-10 02:45:03,600 basehttp 20196 18776 "GET /admin/myapp5/product/ HTTP/1.1" 200 13820
INFO 2023-09-10 02:45:03,620 basehttp 20196 18776 "GET /admin/jsi18n/ HTTP/1.1" 200 16066
INFO 2023-09-10 02:45:19,935 basehttp 20196 18776 "POST /admin/myapp5/product/ HTTP/1.1" 302 0
INFO 2023-09-10 02:45:19,969 basehttp 20196 18776 "GET /admin/myapp5/product/ HTTP/1.1" 200 13818
INFO 2023-09-10 02:45:19,988 basehttp 20196 18776 "GET /admin/jsi18n/ HTTP/1.1" 200 16066
INFO 2023-09-10 02:50:23,467 basehttp 20196 21016 "GET /admin/myapp5/product/4/change/ HTTP/1.1" 200 14491
INFO 2023-09-10 02:50:23,489 basehttp 20196 21016 "GET /admin/jsi18n/ HTTP/1.1" 200 16066
INFO 2023-09-10 02:52:57,159 autoreload 20196 3848 C:\Users\gapli\Downloads\GB_Django\Lections\myproject\myapp5\admin.py changed, reloading.
INFO 2023-09-10 02:52:57,766 autoreload 19664 24088 Watching for file changes with StatReloader
INFO 2023-09-10 02:53:58,983 basehttp 19664 4372 "GET /admin/myapp5/product/4/change/ HTTP/1.1" 200 13715
INFO 2023-09-10 02:53:59,001 basehttp 19664 4372 "GET /admin/jsi18n/ HTTP/1.1" 200 16066
INFO 2023-09-10 02:54:49,796 autoreload 19664 24088 C:\Users\gapli\Downloads\GB_Django\Lections\myproject\myapp5\admin.py changed, reloading.
INFO 2023-09-10 02:54:50,290 autoreload 21204 23028 Watching for file changes with StatReloader
INFO 2023-09-10 02:56:36,771 autoreload 21204 23028 C:\Users\gapli\Downloads\GB_Django\Lections\myproject\myapp5\admin.py changed, reloading.
INFO 2023-09-10 02:56:37,351 autoreload 23280 23320 Watching for file changes with StatReloader
INFO 2023-09-10 02:58:54,475 autoreload 23280 23320 C:\Users\gapli\Downloads\GB_Django\Lections\myproject\myapp5\admin.py changed, reloading.
INFO 2023-09-10 02:58:55,045 autoreload 10764 2568 Watching for file changes with StatReloader
INFO 2023-09-10 02:59:18,725 basehttp 10764 5920 "GET /admin/myapp5/product/4/change/ HTTP/1.1" 200 15627
INFO 2023-09-10 02:59:18,745 basehttp 10764 24048 "GET /admin/jsi18n/ HTTP/1.1" 200 16066
INFO 2023-09-10 02:59:18,786 basehttp 10764 5920 "GET /static/admin/js/collapse.js HTTP/1.1" 200 1803
INFO 2023-09-10 02:59:20,683 basehttp 10764 5920 "GET /admin/myapp5/product/ HTTP/1.1" 200 13818
INFO 2023-09-10 02:59:20,702 basehttp 10764 5920 "GET /admin/jsi18n/ HTTP/1.1" 200 16066
INFO 2023-09-10 02:59:21,636 basehttp 10764 5920 "GET /admin/myapp5/product/2/change/ HTTP/1.1" 200 15621
INFO 2023-09-10 02:59:21,670 basehttp 10764 5920 "GET /admin/jsi18n/ HTTP/1.1" 200 16066
INFO 2023-09-10 02:59:51,730 basehttp 10764 5920 "GET /admin/myapp5/product/2/history/ HTTP/1.1" 200 8279
INFO 2023-09-10 02:59:52,686 basehttp 10764 5920 "GET /admin/myapp5/product/2/change/ HTTP/1.1" 200 15621
INFO 2023-09-13 23:43:07,581 autoreload 6148 22504 Watching for file changes with StatReloader
INFO 2023-09-13 23:44:16,228 autoreload 6148 22504 C:\Users\gapli\Downloads\GB_Django\Lections\myproject\myproject\settings.py changed, reloading.
INFO 2023-09-13 23:44:16,795 autoreload 11868 24704 Watching for file changes with StatReloader
INFO 2023-09-13 23:44:21,536 autoreload 21524 15988 Watching for file changes with StatReloader
INFO 2023-09-13 23:44:37,601 basehttp 21524 23832 "GET / HTTP/1.1" 200 10082
INFO 2023-09-13 23:44:37,636 basehttp 21524 23832 "GET /static/debug_toolbar/css/toolbar.css HTTP/1.1" 200 12621
INFO 2023-09-13 23:44:37,638 basehttp 21524 8624 "GET /static/debug_toolbar/js/toolbar.js HTTP/1.1" 200 13404
INFO 2023-09-13 23:44:37,638 basehttp 21524 23832 "GET /static/debug_toolbar/css/print.css HTTP/1.1" 200 43
INFO 2023-09-13 23:44:37,655 basehttp 21524 23832 "GET /static/debug_toolbar/js/utils.js HTTP/1.1" 200 4527
INFO 2023-09-13 23:45:32,933 basehttp 21524 23832 "GET /__debug__/render_panel/?store_id=23e6d2d8bca944c0927956184136451e&panel_id=HistoryPanel HTTP/1.1" 200 2505
INFO 2023-09-13 23:45:32,938 basehttp 21524 23832 "GET /static/debug_toolbar/js/history.js HTTP/1.1" 200 3330
INFO 2023-09-13 23:45:49,596 basehttp 21524 23832 "GET /__debug__/render_panel/?store_id=23e6d2d8bca944c0927956184136451e&panel_id=VersionsPanel HTTP/1.1" 200 760
INFO 2023-09-13 23:46:02,163 basehttp 21524 23832 "GET /__debug__/render_panel/?store_id=23e6d2d8bca944c0927956184136451e&panel_id=SettingsPanel HTTP/1.1" 200 27176
INFO 2023-09-13 23:46:52,879 basehttp 21524 23832 "GET /__debug__/render_panel/?store_id=23e6d2d8bca944c0927956184136451e&panel_id=HeadersPanel HTTP/1.1" 200 5260
INFO 2023-09-13 23:47:32,104 basehttp 21524 23832 "GET /__debug__/render_panel/?store_id=23e6d2d8bca944c0927956184136451e&panel_id=RequestPanel HTTP/1.1" 200 1606
INFO 2023-09-13 23:47:55,615 basehttp 21524 23832 "GET /__debug__/render_panel/?store_id=23e6d2d8bca944c0927956184136451e&panel_id=SQLPanel HTTP/1.1" 200 15402
INFO 2023-09-13 23:48:28,575 basehttp 21524 23832 "GET /__debug__/render_panel/?store_id=23e6d2d8bca944c0927956184136451e&panel_id=StaticFilesPanel HTTP/1.1" 200 33163
INFO 2023-09-13 23:48:52,391 basehttp 21524 23832 "GET /__debug__/render_panel/?store_id=23e6d2d8bca944c0927956184136451e&panel_id=TemplatesPanel HTTP/1.1" 200 6177
INFO 2023-09-13 23:49:36,171 basehttp 21524 23832 "GET /__debug__/render_panel/?store_id=23e6d2d8bca944c0927956184136451e&panel_id=CachePanel HTTP/1.1" 200 1737
INFO 2023-09-13 23:49:40,212 basehttp 21524 23832 "GET /__debug__/render_panel/?store_id=23e6d2d8bca944c0927956184136451e&panel_id=SignalsPanel HTTP/1.1" 200 2265
INFO 2023-09-13 23:50:44,797 basehttp 21524 23832 "GET /lec4/user/add/ HTTP/1.1" 200 11161
INFO 2023-09-13 23:50:44,823 basehttp 21524 23832 "GET /static/debug_toolbar/css/toolbar.css HTTP/1.1" 304 0
INFO 2023-09-13 23:50:44,825 basehttp 21524 23832 "GET /static/debug_toolbar/js/toolbar.js HTTP/1.1" 304 0
INFO 2023-09-13 23:50:44,827 basehttp 21524 23832 "GET /static/debug_toolbar/css/print.css HTTP/1.1" 304 0
INFO 2023-09-13 23:50:44,833 basehttp 21524 23832 "GET /static/debug_toolbar/js/utils.js HTTP/1.1" 304 0
INFO 2023-09-13 23:50:50,750 basehttp 21524 23832 "GET /__debug__/render_panel/?store_id=ea3811cc6c5b4953837dd4951f5d1127&panel_id=ProfilingPanel HTTP/1.1" 200 43495
INFO 2023-09-13 23:51:05,968 basehttp 21524 23832 "GET /__debug__/render_panel/?store_id=ea3811cc6c5b4953837dd4951f5d1127&panel_id=RequestPanel HTTP/1.1" 200 1669
INFO 2023-09-13 23:51:13,462 basehttp 21524 23832 "GET /__debug__/render_panel/?store_id=ea3811cc6c5b4953837dd4951f5d1127&panel_id=TemplatesPanel HTTP/1.1" 200 22747
INFO 2023-09-13 23:51:31,134 basehttp 21524 23832 "GET /__debug__/render_panel/?store_id=ea3811cc6c5b4953837dd4951f5d1127&panel_id=SignalsPanel HTTP/1.1" 200 2310
INFO 2023-09-14 12:27:10,942 autoreload 11068 23156 Watching for file changes with StatReloader
INFO 2023-09-14 12:27:14,555 basehttp 11068 12032 "GET /lec4/user/add/ HTTP/1.1" 200 11162
INFO 2023-09-14 12:27:14,568 basehttp 11068 12032 "GET /static/debug_toolbar/css/toolbar.css HTTP/1.1" 304 0
INFO 2023-09-14 12:27:14,569 basehttp 11068 12032 "GET /static/debug_toolbar/js/toolbar.js HTTP/1.1" 304 0
INFO 2023-09-14 12:27:14,580 basehttp 11068 12032 "GET /static/debug_toolbar/css/print.css HTTP/1.1" 304 0
INFO 2023-09-14 12:27:14,590 basehttp 11068 12032 "GET /static/debug_toolbar/js/utils.js HTTP/1.1" 304 0
WARNING 2023-09-14 12:27:22,167 log 11068 12032 Not Found: /lec6
WARNING 2023-09-14 12:27:22,168 basehttp 11068 12032 "GET /lec6 HTTP/1.1" 404 12926
WARNING 2023-09-14 12:27:25,683 log 11068 12032 Not Found: /lec6/
WARNING 2023-09-14 12:27:25,684 basehttp 11068 12032 "GET /lec6/ HTTP/1.1" 404 13339
INFO 2023-09-14 12:27:43,843 basehttp 11068 12032 "GET /lec6/db HTTP/1.1" 200 10827
INFO 2023-09-14 12:27:43,885 basehttp 11068 1772 "GET /static/debug_toolbar/js/redirect.js HTTP/1.1" 200 48
ERROR 2023-09-14 12:28:16,600 log 11068 1772 Internal Server Error: /lec6/db/
Traceback (most recent call last):
  File "C:\Users\gapli\Downloads\GB_Django\venv\Lib\site-packages\django\template\base.py", line 505, in parse
    compile_func = self.tags[command]
                   ~~~~~~~~~^^^^^^^^^
KeyError: 'extend'

During handling of the above exception, another exception occurred:

Traceback (most recent call last):
  File "C:\Users\gapli\Downloads\GB_Django\venv\Lib\site-packages\django\core\handlers\exception.py", line 55, in inner
    response = get_response(request)
               ^^^^^^^^^^^^^^^^^^^^^
  File "C:\Users\gapli\Downloads\GB_Django\venv\Lib\site-packages\django\core\handlers\base.py", line 197, in _get_response
    response = wrapped_callback(request, *callback_args, **callback_kwargs)
               ^^^^^^^^^^^^^^^^^^^^^^^^^^^^^^^^^^^^^^^^^^^^^^^^^^^^^^^^^^^^
  File "C:\Users\gapli\Downloads\GB_Django\Lections\myproject\myapp6\views.py", line 14, in total_in_db
    return render(request, 'myapp6/total_count.html', context)
           ^^^^^^^^^^^^^^^^^^^^^^^^^^^^^^^^^^^^^^^^^^^^^^^^^^^
  File "C:\Users\gapli\Downloads\GB_Django\venv\Lib\site-packages\django\shortcuts.py", line 24, in render
    content = loader.render_to_string(template_name, context, request, using=using)
              ^^^^^^^^^^^^^^^^^^^^^^^^^^^^^^^^^^^^^^^^^^^^^^^^^^^^^^^^^^^^^^^^^^^^^
  File "C:\Users\gapli\Downloads\GB_Django\venv\Lib\site-packages\django\template\loader.py", line 61, in render_to_string
    template = get_template(template_name, using=using)
               ^^^^^^^^^^^^^^^^^^^^^^^^^^^^^^^^^^^^^^^^
  File "C:\Users\gapli\Downloads\GB_Django\venv\Lib\site-packages\django\template\loader.py", line 15, in get_template
    return engine.get_template(template_name)
           ^^^^^^^^^^^^^^^^^^^^^^^^^^^^^^^^^^
  File "C:\Users\gapli\Downloads\GB_Django\venv\Lib\site-packages\django\template\backends\django.py", line 33, in get_template
    return Template(self.engine.get_template(template_name), self)
                    ^^^^^^^^^^^^^^^^^^^^^^^^^^^^^^^^^^^^^^^
  File "C:\Users\gapli\Downloads\GB_Django\venv\Lib\site-packages\django\template\engine.py", line 175, in get_template
    template, origin = self.find_template(template_name)
                       ^^^^^^^^^^^^^^^^^^^^^^^^^^^^^^^^^
  File "C:\Users\gapli\Downloads\GB_Django\venv\Lib\site-packages\django\template\engine.py", line 157, in find_template
    template = loader.get_template(name, skip=skip)
               ^^^^^^^^^^^^^^^^^^^^^^^^^^^^^^^^^^^^
  File "C:\Users\gapli\Downloads\GB_Django\venv\Lib\site-packages\django\template\loaders\cached.py", line 57, in get_template
    template = super().get_template(template_name, skip)
               ^^^^^^^^^^^^^^^^^^^^^^^^^^^^^^^^^^^^^^^^^
  File "C:\Users\gapli\Downloads\GB_Django\venv\Lib\site-packages\django\template\loaders\base.py", line 28, in get_template
    return Template(
           ^^^^^^^^^
  File "C:\Users\gapli\Downloads\GB_Django\venv\Lib\site-packages\django\template\base.py", line 154, in __init__
    self.nodelist = self.compile_nodelist()
                    ^^^^^^^^^^^^^^^^^^^^^^^
  File "C:\Users\gapli\Downloads\GB_Django\venv\Lib\site-packages\django\template\base.py", line 200, in compile_nodelist
    return parser.parse()
           ^^^^^^^^^^^^^^
  File "C:\Users\gapli\Downloads\GB_Django\venv\Lib\site-packages\django\template\base.py", line 507, in parse
    self.invalid_block_tag(token, command, parse_until)
  File "C:\Users\gapli\Downloads\GB_Django\venv\Lib\site-packages\django\template\base.py", line 568, in invalid_block_tag
    raise self.error(
django.template.exceptions.TemplateSyntaxError: Invalid block tag on line 1: 'extend'. Did you forget to register or load this tag?
ERROR 2023-09-14 12:28:16,636 basehttp 11068 1772 "GET /lec6/db/ HTTP/1.1" 500 149160
INFO 2023-09-14 12:28:34,362 basehttp 11068 1772 "GET /lec6/db HTTP/1.1" 200 10827
INFO 2023-09-14 12:28:35,296 basehttp 11068 16244 "GET /lec6/db/ HTTP/1.1" 200 10615
INFO 2023-09-14 12:28:55,704 basehttp 11068 16244 "GET /__debug__/render_panel/?store_id=223fd9bf8a814ef389964f080958656a&panel_id=RequestPanel HTTP/1.1" 200 1664
INFO 2023-09-14 12:28:57,978 basehttp 11068 16244 "GET /__debug__/render_panel/?store_id=223fd9bf8a814ef389964f080958656a&panel_id=SQLPanel HTTP/1.1" 200 5391
INFO 2023-09-14 12:29:31,656 basehttp 11068 16244 "GET /lec6/view HTTP/1.1" 200 10833
INFO 2023-09-14 12:29:33,458 basehttp 11068 15456 "GET /lec6/view/ HTTP/1.1" 200 10635
INFO 2023-09-14 12:29:39,977 basehttp 11068 15456 "GET /__debug__/render_panel/?store_id=5c8a99b2a23a47f7b8711cf00b746176&panel_id=SQLPanel HTTP/1.1" 200 6598
INFO 2023-09-14 12:29:52,330 basehttp 11068 15456 "GET /__debug__/render_panel/?store_id=5c8a99b2a23a47f7b8711cf00b746176&panel_id=ProfilingPanel HTTP/1.1" 200 38350
WARNING 2023-09-14 12:30:19,287 log 11068 15456 Not Found: /lec6/templates
WARNING 2023-09-14 12:30:19,288 basehttp 11068 15456 "GET /lec6/templates HTTP/1.1" 404 13375
INFO 2023-09-14 12:30:23,770 basehttp 11068 15456 "GET /__debug__/render_panel/?store_id=8f295ae9f4a840e89c41f027e298d820&panel_id=SQLPanel HTTP/1.1" 200 428
INFO 2023-09-14 12:30:32,917 basehttp 11068 15456 "GET /lec6/template HTTP/1.1" 200 10845
INFO 2023-09-14 12:30:34,395 basehttp 11068 16052 "GET /lec6/template/ HTTP/1.1" 200 10614
INFO 2023-09-14 12:30:37,946 basehttp 11068 16052 "GET /__debug__/render_panel/?store_id=c77b671d9a524081bb7fca2d157666d0&panel_id=SQLPanel HTTP/1.1" 200 428
INFO 2023-09-14 12:30:41,528 basehttp 11068 16052 "GET /__debug__/render_panel/?store_id=c77b671d9a524081bb7fca2d157666d0&panel_id=TemplatesPanel HTTP/1.1" 200 6861
INFO 2023-09-14 12:30:53,705 basehttp 11068 16052 "GET /__debug__/render_panel/?store_id=c77b671d9a524081bb7fca2d157666d0&panel_id=ProfilingPanel HTTP/1.1" 200 36578
INFO 2023-09-14 12:31:15,382 basehttp 11068 16052 "GET /lec6/template/ HTTP/1.1" 200 10614
INFO 2023-09-14 12:31:18,068 basehttp 11068 16052 "GET /lec6/template/ HTTP/1.1" 200 10614
INFO 2023-09-14 12:31:51,198 autoreload 11068 23156 C:\Users\gapli\Downloads\GB_Django\Lections\myproject\myapp6\views.py changed, reloading.
INFO 2023-09-14 12:31:51,759 autoreload 13668 2928 Watching for file changes with StatReloader
INFO 2023-09-14 12:31:55,927 basehttp 13668 24392 "GET /lec6/template/ HTTP/1.1" 200 10614
INFO 2023-09-14 12:31:57,027 basehttp 13668 24392 "GET /lec6/template/ HTTP/1.1" 200 10614
INFO 2023-09-14 12:32:47,933 basehttp 13668 24392 "GET /lec6/template/ HTTP/1.1" 200 10614
INFO 2023-09-14 12:32:48,620 basehttp 13668 24392 "GET /lec6/template/ HTTP/1.1" 200 10614
INFO 2023-09-14 12:32:49,298 basehttp 13668 24392 "GET /lec6/template/ HTTP/1.1" 200 10614
INFO 2023-09-14 12:32:50,707 basehttp 13668 24392 "GET /lec6/template/ HTTP/1.1" 200 10614
INFO 2023-09-14 12:34:29,691 basehttp 13668 24392 "GET /__debug__/render_panel/?store_id=6c528fa8b8804ecaa3b9a106fb750d3a&panel_id=HistoryPanel HTTP/1.1" 200 10759
INFO 2023-09-14 12:34:29,695 basehttp 13668 24392 "GET /static/debug_toolbar/js/history.js HTTP/1.1" 304 0
INFO 2023-09-14 12:34:32,700 basehttp 13668 24392 "GET /__debug__/history_sidebar/?store_id=e619f0939f9940078f6126658c3862bf&exclude_history=True HTTP/1.1" 200 11374
INFO 2023-09-14 12:34:33,359 basehttp 13668 24392 "GET /__debug__/history_sidebar/?store_id=e619f0939f9940078f6126658c3862bf&exclude_history=True HTTP/1.1" 200 11374
INFO 2023-09-14 12:34:34,031 basehttp 13668 24392 "GET /__debug__/history_sidebar/?store_id=e619f0939f9940078f6126658c3862bf&exclude_history=True HTTP/1.1" 200 11374
INFO 2023-09-14 12:34:34,731 basehttp 13668 24392 "GET /__debug__/history_sidebar/?store_id=721a81e4340b4cde8d123cbb78a0bc81&exclude_history=True HTTP/1.1" 200 11374
